<?xml version="1.0" encoding="UTF-8"?>
<!-- Generated by org.testng.reporters.JUnitReportReporter -->
<testsuite hostname="Suhails-MacDoo.local" failures="0" tests="1" name="myApp.E_CommAppTests.AddProductToCart" time="22.353" errors="0" timestamp="2022-10-20T19:51:11 IST" skipped="0">
  <testcase classname="myApp.E_CommAppTests.AddProductToCart" name="addProductToCartTest" time="22.353"/>
  <system-out/>
</testsuite> <!-- myApp.E_CommAppTests.AddProductToCart -->
