<?xml version="1.0" encoding="UTF-8"?>
<!-- Generated by org.testng.reporters.JUnitReportReporter -->
<testsuite hostname="Suhails-MacDoo.local" failures="0" tests="2" name="myApp.E_CommApp.Tests.InvalidLogin" time="14.890" errors="0" timestamp="2023-09-01T20:45:19 IST" skipped="0">
  <testcase classname="myApp.E_CommApp.Tests.InvalidLogin" name="invalidLoginTest" time="4.700"/>
  <testcase classname="myApp.E_CommApp.Tests.InvalidLogin" name="errorValidationOnProductsTest" time="10.190"/>
</testsuite> <!-- myApp.E_CommApp.Tests.InvalidLogin -->
