<?xml version="1.0" encoding="UTF-8"?>
<!-- Generated by org.testng.reporters.JUnitReportReporter -->
<testsuite hostname="Suhails-MacDoo.local" failures="0" tests="1" name="myApp.E_CommApp.Tests.InvalidLogin" time="18.619" errors="0" timestamp="2022-10-28T20:50:01 IST" skipped="0">
  <testcase classname="myApp.E_CommApp.Tests.InvalidLogin" name="invalidLoginTest" time="18.619"/>
  <system-out/>
</testsuite> <!-- myApp.E_CommApp.Tests.InvalidLogin -->
