<?xml version="1.0" encoding="UTF-8"?>
<!-- Generated by org.testng.reporters.JUnitReportReporter -->
<testsuite hostname="Suhails-MacDoo.local" failures="0" tests="4" name="myApp.E_CommApp.Tests.AddProductToCart" time="62.310" errors="0" timestamp="2022-10-22T19:07:47 IST" skipped="0">
  <testcase classname="myApp.E_CommApp.Tests.AddProductToCart" name="addProductToCartTest" time="22.770"/>
  <system-out/>
  <testcase classname="myApp.E_CommApp.Tests.AddProductToCart" name="addProductToCartTest" time="19.235"/>
  <system-out/>
  <testcase classname="myApp.E_CommApp.Tests.AddProductToCart" name="orderHistoryTest" time="10.758"/>
  <system-out/>
  <testcase classname="myApp.E_CommApp.Tests.AddProductToCart" name="orderHistoryTest" time="9.547"/>
  <system-out/>
</testsuite> <!-- myApp.E_CommApp.Tests.AddProductToCart -->
