<?xml version="1.0" encoding="UTF-8"?>
<!-- Generated by org.testng.reporters.JUnitReportReporter -->
<testsuite hostname="Suhails-MacDoo.local" failures="0" tests="1" name="cucumber.TestNGTestRunner" time="9.656" errors="0" timestamp="2022-10-24T15:41:27 IST" skipped="0">
  <testcase classname="cucumber.TestNGTestRunner" name="runScenario" time="9.656"/>
  <system-out/>
</testsuite> <!-- cucumber.TestNGTestRunner -->
