<?xml version="1.0" encoding="UTF-8"?>
<!-- Generated by org.testng.reporters.JUnitReportReporter -->
<testsuite hostname="Suhails-MacDoo.local" failures="0" tests="3" name="resources.ExcelDataUtils" time="0.013" errors="0" timestamp="2022-10-26T22:30:53 IST" skipped="0">
  <testcase classname="resources.ExcelDataUtils" name="getData" time="0.009"/>
  <system-out/>
  <testcase classname="resources.ExcelDataUtils" name="getData" time="0.001"/>
  <system-out/>
  <testcase classname="resources.ExcelDataUtils" name="getData" time="0.003"/>
  <system-out/>
</testsuite> <!-- resources.ExcelDataUtils -->
