<?xml version="1.0" encoding="UTF-8"?>
<!-- Generated by org.testng.reporters.JUnitReportReporter -->
<testsuite hostname="Suhails-MacDoo.local" failures="0" tests="4" name="myApp.E_CommApp.Tests.AddProductToCart" time="58.951" errors="0" timestamp="2022-10-22T21:47:03 IST" skipped="0">
  <testcase classname="myApp.E_CommApp.Tests.AddProductToCart" name="orderHistoryTest" time="10.479"/>
  <system-out/>
  <testcase classname="myApp.E_CommApp.Tests.AddProductToCart" name="addProductToCartTest" time="21.028"/>
  <system-out/>
  <testcase classname="myApp.E_CommApp.Tests.AddProductToCart" name="orderHistoryTest" time="8.629"/>
  <system-out/>
  <testcase classname="myApp.E_CommApp.Tests.AddProductToCart" name="addProductToCartTest" time="18.815"/>
  <system-out/>
</testsuite> <!-- myApp.E_CommApp.Tests.AddProductToCart -->
