<?xml version="1.0" encoding="UTF-8"?>
<!-- Generated by org.testng.reporters.JUnitReportReporter -->
<testsuite hostname="Suhails-MacDoo.local" failures="0" tests="4" name="myApp.E_CommApp.Tests.AddProductToCart" time="63.064" errors="0" timestamp="2022-10-24T14:39:53 IST" skipped="0">
  <testcase classname="myApp.E_CommApp.Tests.AddProductToCart" name="addProductToCartTest" time="20.208"/>
  <system-out/>
  <testcase classname="myApp.E_CommApp.Tests.AddProductToCart" name="addProductToCartTest" time="20.038"/>
  <system-out/>
  <testcase classname="myApp.E_CommApp.Tests.AddProductToCart" name="orderHistoryTest" time="8.716"/>
  <system-out/>
  <testcase classname="myApp.E_CommApp.Tests.AddProductToCart" name="orderHistoryTest" time="14.102"/>
  <system-out/>
</testsuite> <!-- myApp.E_CommApp.Tests.AddProductToCart -->
