<?xml version="1.0" encoding="UTF-8"?>
<!-- Generated by org.testng.reporters.JUnitReportReporter -->
<testsuite hostname="Suhails-MacDoo.local" failures="0" tests="2" name="myApp.E_CommApp.Tests.InvalidLogin" time="34.699" errors="0" timestamp="2022-10-24T14:39:53 IST" skipped="0">
  <testcase classname="myApp.E_CommApp.Tests.InvalidLogin" name="errorValidationOnProductsTest" time="27.967"/>
  <system-out/>
  <testcase classname="myApp.E_CommApp.Tests.InvalidLogin" name="invalidLoginTest" time="6.732"/>
  <system-out/>
</testsuite> <!-- myApp.E_CommApp.Tests.InvalidLogin -->
